<?xml version="1.0" encoding="UTF-8"?>
<!-- Generated by org.testng.reporters.JUnitReportReporter -->
<testsuite hostname="LAPTOP-40C8QB9U" failures="0" tests="5" name="com.telus.registerdemo.UserRegistrationDemo" time="14.673" errors="0" timestamp="2022-09-05T13:24:39 IST" skipped="0">
  <testcase classname="com.telus.registerdemo.UserRegistrationDemo" name="launchApplication" time="6.488"/>
  <system-out/>
  <testcase classname="com.telus.registerdemo.UserRegistrationDemo" name="registrationFormNavigation" time="1.596"/>
  <system-out/>
  <testcase classname="com.telus.registerdemo.UserRegistrationDemo" name="userRegistration" time="4.160"/>
  <system-out/>
  <testcase classname="com.telus.registerdemo.UserRegistrationDemo" name="confirmationMessageValidation" time="0.039"/>
  <system-out/>
  <testcase classname="com.telus.registerdemo.UserRegistrationDemo" name="closeApplication" time="2.390"/>
  <system-out/>
</testsuite> <!-- com.telus.registerdemo.UserRegistrationDemo -->
