<?xml version="1.0" encoding="UTF-8"?>
<!-- Generated by org.testng.reporters.JUnitReportReporter -->
<testsuite hostname="LAPTOP-40C8QB9U" failures="0" tests="5" name="com.telus.registerdemo.UserRegistrationDemo" time="190.407" errors="0" timestamp="2023-02-17T19:29:56 IST" skipped="1">
  <testcase classname="com.telus.registerdemo.UserRegistrationDemo" name="launchApplication" time="174.992"/>
  <system-out/>
  <testcase classname="com.telus.registerdemo.UserRegistrationDemo" name="registrationFormNavigation" time="6.448"/>
  <system-out/>
  <testcase classname="com.telus.registerdemo.UserRegistrationDemo" name="userRegistration" time="8.732"/>
  <system-out/>
  <testcase classname="com.telus.registerdemo.UserRegistrationDemo" name="closeApplication" time="0.235"/>
  <system-out/>
  <testcase classname="com.telus.registerdemo.UserRegistrationDemo" name="confirmationMessageValidation">
    <skipped/>
  </testcase> <!-- confirmationMessageValidation -->
  <system-out/>
</testsuite> <!-- com.telus.registerdemo.UserRegistrationDemo -->
