<?xml version="1.0" encoding="UTF-8"?>
<!-- Generated by org.testng.reporters.JUnitReportReporter -->
<testsuite hostname="LAPTOP-40C8QB9U" failures="0" tests="5" name="com.telus.registerdemo.UserRegistrationDemo" time="22.587" errors="0" timestamp="2022-12-20T21:21:54 IST" skipped="0">
  <testcase classname="com.telus.registerdemo.UserRegistrationDemo" name="launchApplication" time="12.817"/>
  <system-out/>
  <testcase classname="com.telus.registerdemo.UserRegistrationDemo" name="registrationFormNavigation" time="2.898"/>
  <system-out/>
  <testcase classname="com.telus.registerdemo.UserRegistrationDemo" name="userRegistration" time="6.615"/>
  <system-out/>
  <testcase classname="com.telus.registerdemo.UserRegistrationDemo" name="confirmationMessageValidation" time="0.054"/>
  <system-out/>
  <testcase classname="com.telus.registerdemo.UserRegistrationDemo" name="closeApplication" time="0.203"/>
  <system-out/>
</testsuite> <!-- com.telus.registerdemo.UserRegistrationDemo -->
